<?xml version="1.0" encoding="UTF-8"?>
<testsuites name="TS01" time="39" tests="1" failures="0" errors="0">
   <testsuite name="TS01" tests="1" failures="0" errors="0" time="39" timestamp="2019-01-24 19:58:48" hostname="Asus - DESKTOP-SQEFDD7" id="Test Suites/TS01">
      <properties>
         <property name="deviceName" value="OnePlus ONEPLUS A6010 (Android 9)"/>
         <property name="devicePlatform" value=""/>
         <property name="logFolder" value="C:\\Users\\Asus\\git\\Mobile-MSC-Katalon\\Reports\\TS01\\20190124_195842"/>
         <property name="logFiles" value="C:\\Users\\Asus\\git\\Mobile-MSC-Katalon\\Reports\\TS01\\20190124_195842\\appium.log, C:\\Users\\Asus\\git\\Mobile-MSC-Katalon\\Reports\\TS01\\20190124_195842\\execution0.log"/>
         <property name="attachments" value=""/>
         <property name="hostName" value="Asus - DESKTOP-SQEFDD7"/>
         <property name="os" value="Windows 10 64bit"/>
         <property name="katalonVersion" value="5.10.1.1"/>
         <property name="deviceOS" value="Android"/>
         <property name="appiumVersion" value="1.8.1"/>
         <property name="sessionId" value="7b062854-1d1b-4cb7-8a00-374d906baa4c"/>
         <property name="deviceId" value="9feb187c"/>
         <property name="deviceName" value="OnePlus ONEPLUS A6010 (Android 9)"/>
         <property name="proxyInformation" value="ProxyInformation{proxyOption=NO_PROXY, proxyServerType=HTTP, password=, proxyServerAddress=, proxyServerPort=0}"/>
         <property name="deviceOSVersion" value="9"/>
         <property name="platform" value="Windows 10"/>
         <property name="browser" value="Chrome 71.0.3578.99"/>
         <property name="deviceModel" value="ONEPLUS A6010"/>
         <property name="hostAddress" value="192.168.0.104"/>
         <property name="deviceManufacturer" value="OnePlus"/>
         <property name="seleniumVersion" value="3.7.1"/>
      </properties>
      <testcase name="Test Cases/TC02" classname="Test Cases/TC02" status="PASSED">
         <system-out><![CDATA[2019-01-24 19:58:49 - [TEST_CASE][PASSED] - Test Cases/TC02: Test Cases/TC02

2019-01-24 19:58:49 - [TEST_STEP][PASSED] - openBrowser(""): Browser is opened with url: ''

2019-01-24 19:58:50 - [MESSAGE][INFO] - Starting 'Android' driver

2019-01-24 19:58:58 - [MESSAGE][INFO] - Appium server started on port 1,554

2019-01-24 19:59:06 - [MESSAGE][PASSED] - Browser is opened with url: ''

2019-01-24 19:59:06 - [TEST_STEP][PASSED] - navigateToUrl("https://www.msccruises.co.uk/en-gb/Homepage.aspx"): Navigate to 'https://www.msccruises.co.uk/en-gb/Homepage.aspx' successfully

2019-01-24 19:59:10 - [MESSAGE][PASSED] - Navigate to 'https://www.msccruises.co.uk/en-gb/Homepage.aspx' successfully

2019-01-24 19:59:10 - [TEST_STEP][PASSED] - click(findTestObject("Page_MSC Cruises Holidays to the Ca/PassMenu")): Object: 'Object Repository/Page_MSC Cruises Holidays to the Ca/PassMenu' is clicked on

2019-01-24 19:59:11 - [MESSAGE][PASSED] - Object: 'Object Repository/Page_MSC Cruises Holidays to the Ca/PassMenu' is clicked on

2019-01-24 19:59:11 - [TEST_STEP][PASSED] - delay(5, CONTINUE_ON_FAILURE): Delayed 5 second(s)

2019-01-24 19:59:16 - [MESSAGE][PASSED] - Delayed 5 second(s)

2019-01-24 19:59:16 - [TEST_STEP][PASSED] - verifyTextPresent("Passengers", false): Text 'Passengers' is present on page 

2019-01-24 19:59:17 - [MESSAGE][PASSED] - Text 'Passengers' is present on page 

2019-01-24 19:59:17 - [TEST_STEP][PASSED] - click(findTestObject("Page_MSC Cruises Holidays to the Ca/PassPlusAdultsPass")): Object: 'Object Repository/Page_MSC Cruises Holidays to the Ca/PassPlusAdultsPass' is clicked on

2019-01-24 19:59:17 - [MESSAGE][PASSED] - Object: 'Object Repository/Page_MSC Cruises Holidays to the Ca/PassPlusAdultsPass' is clicked on

2019-01-24 19:59:17 - [TEST_STEP][PASSED] - delay(3): Delayed 3 second(s)

2019-01-24 19:59:20 - [MESSAGE][PASSED] - Delayed 3 second(s)

2019-01-24 19:59:20 - [TEST_STEP][PASSED] - click(findTestObject("Page_MSC Cruises Holidays to the Ca/PassPlusAdultsPass")): Object: 'Object Repository/Page_MSC Cruises Holidays to the Ca/PassPlusAdultsPass' is clicked on

2019-01-24 19:59:21 - [MESSAGE][PASSED] - Object: 'Object Repository/Page_MSC Cruises Holidays to the Ca/PassPlusAdultsPass' is clicked on

2019-01-24 19:59:21 - [TEST_STEP][PASSED] - delay(5, CONTINUE_ON_FAILURE): Delayed 5 second(s)

2019-01-24 19:59:26 - [MESSAGE][PASSED] - Delayed 5 second(s)

2019-01-24 19:59:26 - [TEST_STEP][PASSED] - click(findTestObject("Page_MSC Cruises Holidays to the Ca/DonePassenger")): Object: 'Object Repository/Page_MSC Cruises Holidays to the Ca/DonePassenger' is clicked on

2019-01-24 19:59:27 - [MESSAGE][PASSED] - Object: 'Object Repository/Page_MSC Cruises Holidays to the Ca/DonePassenger' is clicked on]]></system-out>
         <system-err><![CDATA[]]></system-err>
      </testcase>
      <system-out><![CDATA[2019-01-24 19:58:48 - [TEST_SUITE][PASSED] - TS01: Test Cases/TC02]]></system-out>
      <system-err><![CDATA[]]></system-err>
   </testsuite>
</testsuites>
